<?xml version="1.0" encoding="UTF-8"?>
<testsuite name="CalculadoraTest" tests="1" skipped="0" failures="0" errors="0" timestamp="2022-05-31T01:02:43" hostname="LAPTOP-G0971OEN" time="0.02">
  <properties/>
  <testcase name="somaTest()" classname="CalculadoraTest" time="0.02"/>
  <system-out><![CDATA[]]></system-out>
  <system-err><![CDATA[]]></system-err>
</testsuite>
